<?xml version="1.0" encoding="UTF-8"?>
<testng-results ignored="0" total="1" passed="1" failed="0" skipped="0">
  <reporter-output>
  </reporter-output>
  <suite started-at="2021-12-22T13:51:55 IST" name="Default suite" finished-at="2021-12-22T13:54:17 IST" duration-ms="141438">
    <groups>
    </groups>
    <test started-at="2021-12-22T13:51:55 IST" name="Default test" finished-at="2021-12-22T13:54:17 IST" duration-ms="141438">
      <class name="testScripts.Tc">
        <test-method is-config="true" signature="connectDB()[pri:0, instance:testScripts.Tc@6580cfdd]" started-at="2021-12-22T13:51:55 IST" name="connectDB" finished-at="2021-12-22T13:51:55 IST" duration-ms="6" status="PASS">
          <reporter-output>
          </reporter-output>
        </test-method> <!-- connectDB -->
        <test-method is-config="true" signature="configBC()[pri:0, instance:testScripts.Tc@6580cfdd]" started-at="2021-12-22T13:51:55 IST" name="configBC" finished-at="2021-12-22T13:52:45 IST" duration-ms="49818" status="PASS">
          <reporter-output>
          </reporter-output>
        </test-method> <!-- configBC -->
        <test-method is-config="true" signature="loginToApp()[pri:0, instance:testScripts.Tc@6580cfdd]" started-at="2021-12-22T13:52:45 IST" name="loginToApp" finished-at="2021-12-22T13:52:45 IST" duration-ms="0" status="PASS">
          <reporter-output>
          </reporter-output>
        </test-method> <!-- loginToApp -->
        <test-method signature="tc()[pri:0, instance:testScripts.Tc@6580cfdd]" started-at="2021-12-22T13:52:45 IST" name="tc" finished-at="2021-12-22T13:54:17 IST" duration-ms="91472" status="PASS">
          <reporter-output>
          </reporter-output>
        </test-method> <!-- tc -->
        <test-method is-config="true" signature="logoutofApp()[pri:0, instance:testScripts.Tc@6580cfdd]" started-at="2021-12-22T13:54:17 IST" name="logoutofApp" finished-at="2021-12-22T13:54:17 IST" duration-ms="1" status="PASS">
          <reporter-output>
          </reporter-output>
        </test-method> <!-- logoutofApp -->
        <test-method is-config="true" signature="CloseBrowser()[pri:0, instance:testScripts.Tc@6580cfdd]" started-at="2021-12-22T13:54:17 IST" name="CloseBrowser" finished-at="2021-12-22T13:54:17 IST" duration-ms="111" status="PASS">
          <reporter-output>
          </reporter-output>
        </test-method> <!-- CloseBrowser -->
        <test-method is-config="true" signature="closeDB()[pri:0, instance:testScripts.Tc@6580cfdd]" started-at="2021-12-22T13:54:17 IST" name="closeDB" finished-at="2021-12-22T13:54:17 IST" duration-ms="0" status="PASS">
          <reporter-output>
          </reporter-output>
        </test-method> <!-- closeDB -->
      </class> <!-- testScripts.Tc -->
    </test> <!-- Default test -->
  </suite> <!-- Default suite -->
</testng-results>
